[17-Apr-2024 23:14:51 UTC] PHP Deprecated:  Hook http_api_transports is deprecated since version 6.4.0 with no alternative available. in /wordpress/wp-includes/functions.php on line 135
[17-Apr-2024 23:15:22 UTC] PHP Deprecated:  Hook http_api_transports is deprecated since version 6.4.0 with no alternative available. in /wordpress/wp-includes/functions.php on line 135
[17-Apr-2024 23:15:24 UTC] PHP Deprecated:  Hook http_api_transports is deprecated since version 6.4.0 with no alternative available. in /wordpress/wp-includes/functions.php on line 135
[17-Apr-2024 23:15:28 UTC] PHP Deprecated:  Hook http_api_transports is deprecated since version 6.4.0 with no alternative available. in /wordpress/wp-includes/functions.php on line 135
[17-Apr-2024 23:15:30 UTC] PHP Deprecated:  Hook http_api_transports is deprecated since version 6.4.0 with no alternative available. in /wordpress/wp-includes/functions.php on line 135
[17-Apr-2024 23:17:04 UTC] PHP Deprecated:  Hook http_api_transports is deprecated since version 6.4.0 with no alternative available. in /wordpress/wp-includes/functions.php on line 135
[17-Apr-2024 23:17:24 UTC] PHP Deprecated:  Hook http_api_transports is deprecated since version 6.4.0 with no alternative available. in /wordpress/wp-includes/functions.php on line 135
[17-Apr-2024 23:17:27 UTC] PHP Deprecated:  Hook http_api_transports is deprecated since version 6.4.0 with no alternative available. in /wordpress/wp-includes/functions.php on line 135
[17-Apr-2024 23:17:42 UTC] PHP Deprecated:  Function get_currentuserinfo is deprecated since version 4.5.0! Use wp_get_current_user() instead. in /wordpress/wp-includes/functions.php on line 135
[17-Apr-2024 23:17:42 UTC] PHP Warning:  Undefined variable $parent_theme_name in /wordpress/wp-content/plugins/one-click-child-theme-main/templates/create_child_form.php on line 18
[17-Apr-2024 23:17:47 UTC] PHP Deprecated:  Function get_current_theme is deprecated since version 3.4.0! Use wp_get_theme() instead. in /wordpress/wp-includes/functions.php on line 135
[17-Apr-2024 23:17:47 UTC] PHP Deprecated:  Hook http_api_transports is deprecated since version 6.4.0 with no alternative available. in /wordpress/wp-includes/functions.php on line 135
[17-Apr-2024 23:21:01 UTC] PHP Deprecated:  Hook http_api_transports is deprecated since version 6.4.0 with no alternative available. in /wordpress/wp-includes/functions.php on line 135
[17-Apr-2024 23:21:26 UTC] PHP Deprecated:  Hook http_api_transports is deprecated since version 6.4.0 with no alternative available. in /wordpress/wp-includes/functions.php on line 135
[17-Apr-2024 23:26:54 UTC] PHP Deprecated:  Hook http_api_transports is deprecated since version 6.4.0 with no alternative available. in /wordpress/wp-includes/functions.php on line 135
[17-Apr-2024 23:39:16 UTC] PHP Deprecated:  Hook http_api_transports is deprecated since version 6.4.0 with no alternative available. in /wordpress/wp-includes/functions.php on line 135
[17-Apr-2024 23:39:17 UTC] PHP Deprecated:  Hook http_api_transports is deprecated since version 6.4.0 with no alternative available. in /wordpress/wp-includes/functions.php on line 135
[17-Apr-2024 23:39:22 UTC] PHP Deprecated:  Hook http_api_transports is deprecated since version 6.4.0 with no alternative available. in /wordpress/wp-includes/functions.php on line 135
[17-Apr-2024 23:39:23 UTC] PHP Deprecated:  Hook http_api_transports is deprecated since version 6.4.0 with no alternative available. in /wordpress/wp-includes/functions.php on line 135
[17-Apr-2024 23:39:27 UTC] PHP Deprecated:  Hook http_api_transports is deprecated since version 6.4.0 with no alternative available. in /wordpress/wp-includes/functions.php on line 135
[17-Apr-2024 23:41:44 UTC] PHP Deprecated:  Hook http_api_transports is deprecated since version 6.4.0 with no alternative available. in /wordpress/wp-includes/functions.php on line 135
[17-Apr-2024 23:41:48 UTC] PHP Deprecated:  Hook http_api_transports is deprecated since version 6.4.0 with no alternative available. in /wordpress/wp-includes/functions.php on line 135
[17-Apr-2024 23:41:50 UTC] PHP Deprecated:  Hook http_api_transports is deprecated since version 6.4.0 with no alternative available. in /wordpress/wp-includes/functions.php on line 135
[17-Apr-2024 23:42:06 UTC] PHP Deprecated:  Hook http_api_transports is deprecated since version 6.4.0 with no alternative available. in /wordpress/wp-includes/functions.php on line 135
[17-Apr-2024 23:44:38 UTC] PHP Deprecated:  Hook http_api_transports is deprecated since version 6.4.0 with no alternative available. in /wordpress/wp-includes/functions.php on line 135
[17-Apr-2024 23:46:03 UTC] PHP Warning:  get_headers(): https:// wrapper is disabled in the server configuration by allow_url_fopen=0 in /wordpress/wp-content/plugins/ecommerce-product-catalog/modules/cart/includes/cart/ic_cached_cart.php on line 47
[17-Apr-2024 23:46:03 UTC] PHP Warning:  get_headers(): This function may only be used against URLs in /wordpress/wp-content/plugins/ecommerce-product-catalog/modules/cart/includes/cart/ic_cached_cart.php on line 47
[17-Apr-2024 23:52:10 UTC] PHP Warning:  get_headers(): https:// wrapper is disabled in the server configuration by allow_url_fopen=0 in /wordpress/wp-content/plugins/ecommerce-product-catalog/modules/cart/includes/cart/ic_cached_cart.php on line 47
[17-Apr-2024 23:52:10 UTC] PHP Warning:  get_headers(): This function may only be used against URLs in /wordpress/wp-content/plugins/ecommerce-product-catalog/modules/cart/includes/cart/ic_cached_cart.php on line 47
[18-Apr-2024 00:42:18 UTC] PHP Warning:  get_headers(): https:// wrapper is disabled in the server configuration by allow_url_fopen=0 in /wordpress/wp-content/plugins/ecommerce-product-catalog/modules/cart/includes/cart/ic_cached_cart.php on line 47
[18-Apr-2024 00:42:18 UTC] PHP Warning:  get_headers(): This function may only be used against URLs in /wordpress/wp-content/plugins/ecommerce-product-catalog/modules/cart/includes/cart/ic_cached_cart.php on line 47
[18-Apr-2024 00:42:18 UTC] PHP Deprecated:  Hook http_api_transports is deprecated since version 6.4.0 with no alternative available. in /wordpress/wp-includes/functions.php on line 135
